2021-09-30 23:45:08,760 INFO    MainThread:137740 [internal.py:wandb_internal():88] W&B internal server running at pid: 137740, started at: 2021-09-30 23:45:08.760450
2021-09-30 23:45:08,762 DEBUG   HandlerThread:137740 [handler.py:handle_request():101] handle_request: check_version
2021-09-30 23:45:08,762 DEBUG   SenderThread:137740 [sender.py:send():122] send: header
2021-09-30 23:45:08,762 INFO    WriterThread:137740 [datastore.py:open_for_write():77] open: /home/guillermo/gfigueroa/Workspace/ml_engineer/Project_2/src/train_random_forest/wandb/run-20210930_234508-3p6xiksk/run-3p6xiksk.wandb
2021-09-30 23:45:08,763 DEBUG   SenderThread:137740 [sender.py:send():122] send: request
2021-09-30 23:45:08,763 DEBUG   SenderThread:137740 [sender.py:send_request():131] send_request: check_version
2021-09-30 23:45:08,864 DEBUG   SenderThread:137740 [sender.py:send():122] send: run
2021-09-30 23:45:09,170 INFO    SenderThread:137740 [sender.py:_start_run_threads():596] run started: 3p6xiksk with start time 1633056308
2021-09-30 23:45:09,170 DEBUG   HandlerThread:137740 [handler.py:handle_request():101] handle_request: run_start
2021-09-30 23:45:09,170 DEBUG   SenderThread:137740 [sender.py:send():122] send: summary
2021-09-30 23:45:09,172 INFO    SenderThread:137740 [sender.py:_save_file():730] saving file wandb-summary.json with policy end
2021-09-30 23:45:09,173 DEBUG   HandlerThread:137740 [meta.py:__init__():34] meta init
2021-09-30 23:45:09,173 DEBUG   HandlerThread:137740 [meta.py:__init__():48] meta init done
2021-09-30 23:45:09,173 DEBUG   HandlerThread:137740 [meta.py:probe():190] probe
2021-09-30 23:45:09,175 DEBUG   HandlerThread:137740 [meta.py:_setup_git():180] setup git
2021-09-30 23:45:09,191 DEBUG   HandlerThread:137740 [meta.py:_setup_git():187] setup git done
2021-09-30 23:45:09,191 DEBUG   HandlerThread:137740 [meta.py:_save_pip():52] save pip
2021-09-30 23:45:09,192 DEBUG   HandlerThread:137740 [meta.py:_save_pip():66] save pip done
2021-09-30 23:45:09,192 DEBUG   HandlerThread:137740 [meta.py:probe():231] probe done
2021-09-30 23:45:09,196 DEBUG   SenderThread:137740 [sender.py:send():122] send: files
2021-09-30 23:45:09,196 INFO    SenderThread:137740 [sender.py:_save_file():730] saving file wandb-metadata.json with policy now
2021-09-30 23:45:09,208 DEBUG   HandlerThread:137740 [handler.py:handle_request():101] handle_request: status
2021-09-30 23:45:09,208 DEBUG   SenderThread:137740 [sender.py:send():122] send: request
2021-09-30 23:45:09,209 DEBUG   SenderThread:137740 [sender.py:send_request():131] send_request: status
2021-09-30 23:45:09,453 DEBUG   SenderThread:137740 [sender.py:send():122] send: config
2021-09-30 23:45:09,721 DEBUG   SenderThread:137740 [sender.py:send():122] send: config
2021-09-30 23:45:12,489 DEBUG   SenderThread:137740 [sender.py:send():122] send: stats
2021-09-30 23:45:16,899 DEBUG   SenderThread:137740 [sender.py:send():122] send: stats
2021-09-30 23:45:21,308 DEBUG   SenderThread:137740 [sender.py:send():122] send: stats
2021-09-30 23:45:24,454 DEBUG   HandlerThread:137740 [handler.py:handle_request():101] handle_request: status
2021-09-30 23:45:24,455 DEBUG   SenderThread:137740 [sender.py:send():122] send: request
2021-09-30 23:45:24,455 DEBUG   SenderThread:137740 [sender.py:send_request():131] send_request: status
2021-09-30 23:45:25,717 DEBUG   SenderThread:137740 [sender.py:send():122] send: stats
2021-09-30 23:45:30,126 DEBUG   SenderThread:137740 [sender.py:send():122] send: stats
2021-09-30 23:45:34,536 DEBUG   SenderThread:137740 [sender.py:send():122] send: stats
2021-09-30 23:45:38,945 DEBUG   SenderThread:137740 [sender.py:send():122] send: stats
2021-09-30 23:45:39,693 DEBUG   HandlerThread:137740 [handler.py:handle_request():101] handle_request: status
2021-09-30 23:45:39,693 DEBUG   SenderThread:137740 [sender.py:send():122] send: request
2021-09-30 23:45:39,693 DEBUG   SenderThread:137740 [sender.py:send_request():131] send_request: status
2021-09-30 23:45:43,354 DEBUG   SenderThread:137740 [sender.py:send():122] send: stats
2021-09-30 23:45:47,764 DEBUG   SenderThread:137740 [sender.py:send():122] send: stats
2021-09-30 23:45:52,173 DEBUG   SenderThread:137740 [sender.py:send():122] send: stats
2021-09-30 23:45:54,934 DEBUG   HandlerThread:137740 [handler.py:handle_request():101] handle_request: status
2021-09-30 23:45:54,934 DEBUG   SenderThread:137740 [sender.py:send():122] send: request
2021-09-30 23:45:54,934 DEBUG   SenderThread:137740 [sender.py:send_request():131] send_request: status
2021-09-30 23:45:56,583 DEBUG   SenderThread:137740 [sender.py:send():122] send: stats
2021-09-30 23:46:00,992 DEBUG   SenderThread:137740 [sender.py:send():122] send: stats
2021-09-30 23:46:05,402 DEBUG   SenderThread:137740 [sender.py:send():122] send: stats
2021-09-30 23:46:09,811 DEBUG   SenderThread:137740 [sender.py:send():122] send: stats
2021-09-30 23:46:10,176 DEBUG   HandlerThread:137740 [handler.py:handle_request():101] handle_request: status
2021-09-30 23:46:10,176 DEBUG   SenderThread:137740 [sender.py:send():122] send: request
2021-09-30 23:46:10,176 DEBUG   SenderThread:137740 [sender.py:send_request():131] send_request: status
2021-09-30 23:46:14,221 DEBUG   SenderThread:137740 [sender.py:send():122] send: stats
2021-09-30 23:46:18,630 DEBUG   SenderThread:137740 [sender.py:send():122] send: stats
2021-09-30 23:46:23,039 DEBUG   SenderThread:137740 [sender.py:send():122] send: stats
2021-09-30 23:46:25,414 DEBUG   HandlerThread:137740 [handler.py:handle_request():101] handle_request: status
2021-09-30 23:46:25,415 DEBUG   SenderThread:137740 [sender.py:send():122] send: request
2021-09-30 23:46:25,415 DEBUG   SenderThread:137740 [sender.py:send_request():131] send_request: status
2021-09-30 23:46:27,448 DEBUG   SenderThread:137740 [sender.py:send():122] send: stats
2021-09-30 23:46:31,858 DEBUG   SenderThread:137740 [sender.py:send():122] send: stats
2021-09-30 23:46:36,267 DEBUG   SenderThread:137740 [sender.py:send():122] send: stats
2021-09-30 23:46:40,658 DEBUG   HandlerThread:137740 [handler.py:handle_request():101] handle_request: status
2021-09-30 23:46:40,658 DEBUG   SenderThread:137740 [sender.py:send():122] send: request
2021-09-30 23:46:40,658 DEBUG   SenderThread:137740 [sender.py:send_request():131] send_request: status
2021-09-30 23:46:40,902 DEBUG   SenderThread:137740 [sender.py:send():122] send: stats
2021-09-30 23:46:45,086 DEBUG   SenderThread:137740 [sender.py:send():122] send: stats
2021-09-30 23:46:49,495 DEBUG   SenderThread:137740 [sender.py:send():122] send: stats
2021-09-30 23:46:53,914 DEBUG   SenderThread:137740 [sender.py:send():122] send: stats
2021-09-30 23:46:55,903 DEBUG   HandlerThread:137740 [handler.py:handle_request():101] handle_request: status
2021-09-30 23:46:55,903 DEBUG   SenderThread:137740 [sender.py:send():122] send: request
2021-09-30 23:46:55,903 DEBUG   SenderThread:137740 [sender.py:send_request():131] send_request: status
2021-09-30 23:46:58,326 DEBUG   SenderThread:137740 [sender.py:send():122] send: stats
2021-09-30 23:47:02,740 DEBUG   SenderThread:137740 [sender.py:send():122] send: stats
2021-09-30 23:47:07,149 DEBUG   SenderThread:137740 [sender.py:send():122] send: stats
2021-09-30 23:47:11,148 DEBUG   HandlerThread:137740 [handler.py:handle_request():101] handle_request: status
2021-09-30 23:47:11,149 DEBUG   SenderThread:137740 [sender.py:send():122] send: request
2021-09-30 23:47:11,149 DEBUG   SenderThread:137740 [sender.py:send_request():131] send_request: status
2021-09-30 23:47:11,559 DEBUG   SenderThread:137740 [sender.py:send():122] send: stats
2021-09-30 23:47:15,968 DEBUG   SenderThread:137740 [sender.py:send():122] send: stats
2021-09-30 23:47:20,388 DEBUG   SenderThread:137740 [sender.py:send():122] send: stats
2021-09-30 23:47:24,797 DEBUG   SenderThread:137740 [sender.py:send():122] send: stats
2021-09-30 23:47:26,400 DEBUG   HandlerThread:137740 [handler.py:handle_request():101] handle_request: status
2021-09-30 23:47:26,400 DEBUG   SenderThread:137740 [sender.py:send():122] send: request
2021-09-30 23:47:26,400 DEBUG   SenderThread:137740 [sender.py:send_request():131] send_request: status
2021-09-30 23:47:29,207 DEBUG   SenderThread:137740 [sender.py:send():122] send: stats
2021-09-30 23:47:33,616 DEBUG   SenderThread:137740 [sender.py:send():122] send: stats
2021-09-30 23:47:38,025 DEBUG   SenderThread:137740 [sender.py:send():122] send: stats
2021-09-30 23:47:41,647 DEBUG   HandlerThread:137740 [handler.py:handle_request():101] handle_request: status
2021-09-30 23:47:41,647 DEBUG   SenderThread:137740 [sender.py:send():122] send: request
2021-09-30 23:47:41,647 DEBUG   SenderThread:137740 [sender.py:send_request():131] send_request: status
2021-09-30 23:47:42,435 DEBUG   SenderThread:137740 [sender.py:send():122] send: stats
2021-09-30 23:47:46,844 DEBUG   SenderThread:137740 [sender.py:send():122] send: stats
2021-09-30 23:47:51,253 DEBUG   SenderThread:137740 [sender.py:send():122] send: stats
2021-09-30 23:47:55,662 DEBUG   SenderThread:137740 [sender.py:send():122] send: stats
2021-09-30 23:47:56,892 DEBUG   HandlerThread:137740 [handler.py:handle_request():101] handle_request: status
2021-09-30 23:47:56,892 DEBUG   SenderThread:137740 [sender.py:send():122] send: request
2021-09-30 23:47:56,892 DEBUG   SenderThread:137740 [sender.py:send_request():131] send_request: status
2021-09-30 23:48:00,072 DEBUG   SenderThread:137740 [sender.py:send():122] send: stats
2021-09-30 23:48:04,481 DEBUG   SenderThread:137740 [sender.py:send():122] send: stats
2021-09-30 23:48:08,891 DEBUG   SenderThread:137740 [sender.py:send():122] send: stats
2021-09-30 23:48:12,136 DEBUG   HandlerThread:137740 [handler.py:handle_request():101] handle_request: status
2021-09-30 23:48:12,137 DEBUG   SenderThread:137740 [sender.py:send():122] send: request
2021-09-30 23:48:12,137 DEBUG   SenderThread:137740 [sender.py:send_request():131] send_request: status
2021-09-30 23:48:13,300 DEBUG   SenderThread:137740 [sender.py:send():122] send: stats
2021-09-30 23:48:17,709 DEBUG   SenderThread:137740 [sender.py:send():122] send: stats
2021-09-30 23:48:22,122 DEBUG   SenderThread:137740 [sender.py:send():122] send: stats
2021-09-30 23:48:26,532 DEBUG   SenderThread:137740 [sender.py:send():122] send: stats
2021-09-30 23:48:27,384 DEBUG   HandlerThread:137740 [handler.py:handle_request():101] handle_request: status
2021-09-30 23:48:27,384 DEBUG   SenderThread:137740 [sender.py:send():122] send: request
2021-09-30 23:48:27,384 DEBUG   SenderThread:137740 [sender.py:send_request():131] send_request: status
2021-09-30 23:48:30,941 DEBUG   SenderThread:137740 [sender.py:send():122] send: stats
2021-09-30 23:48:35,350 DEBUG   SenderThread:137740 [sender.py:send():122] send: stats
2021-09-30 23:48:39,760 DEBUG   SenderThread:137740 [sender.py:send():122] send: stats
2021-09-30 23:48:42,628 DEBUG   HandlerThread:137740 [handler.py:handle_request():101] handle_request: status
2021-09-30 23:48:42,629 DEBUG   SenderThread:137740 [sender.py:send():122] send: request
2021-09-30 23:48:42,629 DEBUG   SenderThread:137740 [sender.py:send_request():131] send_request: status
2021-09-30 23:48:44,169 DEBUG   SenderThread:137740 [sender.py:send():122] send: stats
2021-09-30 23:48:48,578 DEBUG   SenderThread:137740 [sender.py:send():122] send: stats
2021-09-30 23:48:52,987 DEBUG   SenderThread:137740 [sender.py:send():122] send: stats
2021-09-30 23:48:57,396 DEBUG   SenderThread:137740 [sender.py:send():122] send: stats
2021-09-30 23:48:57,881 DEBUG   HandlerThread:137740 [handler.py:handle_request():101] handle_request: status
2021-09-30 23:48:57,881 DEBUG   SenderThread:137740 [sender.py:send():122] send: request
2021-09-30 23:48:57,882 DEBUG   SenderThread:137740 [sender.py:send_request():131] send_request: status
2021-09-30 23:49:01,806 DEBUG   SenderThread:137740 [sender.py:send():122] send: stats
2021-09-30 23:49:06,241 DEBUG   SenderThread:137740 [sender.py:send():122] send: stats
2021-09-30 23:49:10,650 DEBUG   SenderThread:137740 [sender.py:send():122] send: stats
2021-09-30 23:49:13,137 DEBUG   HandlerThread:137740 [handler.py:handle_request():101] handle_request: status
2021-09-30 23:49:13,137 DEBUG   SenderThread:137740 [sender.py:send():122] send: request
2021-09-30 23:49:13,137 DEBUG   SenderThread:137740 [sender.py:send_request():131] send_request: status
2021-09-30 23:49:15,060 DEBUG   SenderThread:137740 [sender.py:send():122] send: stats
2021-09-30 23:49:19,469 DEBUG   SenderThread:137740 [sender.py:send():122] send: stats
2021-09-30 23:49:23,879 DEBUG   SenderThread:137740 [sender.py:send():122] send: stats
2021-09-30 23:49:28,288 DEBUG   SenderThread:137740 [sender.py:send():122] send: stats
2021-09-30 23:49:28,379 DEBUG   HandlerThread:137740 [handler.py:handle_request():101] handle_request: status
2021-09-30 23:49:28,379 DEBUG   SenderThread:137740 [sender.py:send():122] send: request
2021-09-30 23:49:28,379 DEBUG   SenderThread:137740 [sender.py:send_request():131] send_request: status
2021-09-30 23:49:32,698 DEBUG   SenderThread:137740 [sender.py:send():122] send: stats
2021-09-30 23:49:37,107 DEBUG   SenderThread:137740 [sender.py:send():122] send: stats
2021-09-30 23:49:41,516 DEBUG   SenderThread:137740 [sender.py:send():122] send: stats
2021-09-30 23:49:43,620 DEBUG   HandlerThread:137740 [handler.py:handle_request():101] handle_request: status
2021-09-30 23:49:43,620 DEBUG   SenderThread:137740 [sender.py:send():122] send: request
2021-09-30 23:49:43,620 DEBUG   SenderThread:137740 [sender.py:send_request():131] send_request: status
2021-09-30 23:49:45,925 DEBUG   SenderThread:137740 [sender.py:send():122] send: stats
2021-09-30 23:49:50,335 DEBUG   SenderThread:137740 [sender.py:send():122] send: stats
2021-09-30 23:49:54,744 DEBUG   SenderThread:137740 [sender.py:send():122] send: stats
2021-09-30 23:49:58,859 DEBUG   HandlerThread:137740 [handler.py:handle_request():101] handle_request: status
2021-09-30 23:49:58,859 DEBUG   SenderThread:137740 [sender.py:send():122] send: request
2021-09-30 23:49:58,859 DEBUG   SenderThread:137740 [sender.py:send_request():131] send_request: status
2021-09-30 23:49:59,153 DEBUG   SenderThread:137740 [sender.py:send():122] send: stats
2021-09-30 23:50:03,562 DEBUG   SenderThread:137740 [sender.py:send():122] send: stats
2021-09-30 23:50:07,994 DEBUG   SenderThread:137740 [sender.py:send():122] send: stats
2021-09-30 23:50:12,403 DEBUG   SenderThread:137740 [sender.py:send():122] send: stats
2021-09-30 23:50:14,146 DEBUG   HandlerThread:137740 [handler.py:handle_request():101] handle_request: status
2021-09-30 23:50:14,148 DEBUG   SenderThread:137740 [sender.py:send():122] send: request
2021-09-30 23:50:14,148 DEBUG   SenderThread:137740 [sender.py:send_request():131] send_request: status
2021-09-30 23:50:16,812 DEBUG   SenderThread:137740 [sender.py:send():122] send: stats
2021-09-30 23:50:21,227 DEBUG   SenderThread:137740 [sender.py:send():122] send: stats
2021-09-30 23:50:25,637 DEBUG   SenderThread:137740 [sender.py:send():122] send: stats
2021-09-30 23:50:29,531 DEBUG   HandlerThread:137740 [handler.py:handle_request():101] handle_request: status
2021-09-30 23:50:29,532 DEBUG   SenderThread:137740 [sender.py:send():122] send: request
2021-09-30 23:50:29,532 DEBUG   SenderThread:137740 [sender.py:send_request():131] send_request: status
2021-09-30 23:50:30,046 DEBUG   SenderThread:137740 [sender.py:send():122] send: stats
2021-09-30 23:50:34,455 DEBUG   SenderThread:137740 [sender.py:send():122] send: stats
2021-09-30 23:50:38,865 DEBUG   SenderThread:137740 [sender.py:send():122] send: stats
2021-09-30 23:50:43,274 DEBUG   SenderThread:137740 [sender.py:send():122] send: stats
2021-09-30 23:50:44,772 DEBUG   HandlerThread:137740 [handler.py:handle_request():101] handle_request: status
2021-09-30 23:50:44,773 DEBUG   SenderThread:137740 [sender.py:send():122] send: request
2021-09-30 23:50:44,773 DEBUG   SenderThread:137740 [sender.py:send_request():131] send_request: status
2021-09-30 23:50:47,683 DEBUG   SenderThread:137740 [sender.py:send():122] send: stats
2021-09-30 23:50:52,092 DEBUG   SenderThread:137740 [sender.py:send():122] send: stats
2021-09-30 23:50:56,501 DEBUG   SenderThread:137740 [sender.py:send():122] send: stats
2021-09-30 23:51:00,039 DEBUG   HandlerThread:137740 [handler.py:handle_request():101] handle_request: status
2021-09-30 23:51:00,039 DEBUG   SenderThread:137740 [sender.py:send():122] send: request
2021-09-30 23:51:00,039 DEBUG   SenderThread:137740 [sender.py:send_request():131] send_request: status
2021-09-30 23:51:00,910 DEBUG   SenderThread:137740 [sender.py:send():122] send: stats
2021-09-30 23:51:05,319 DEBUG   SenderThread:137740 [sender.py:send():122] send: stats
2021-09-30 23:51:09,732 DEBUG   SenderThread:137740 [sender.py:send():122] send: stats
2021-09-30 23:51:14,141 DEBUG   SenderThread:137740 [sender.py:send():122] send: stats
2021-09-30 23:51:15,277 DEBUG   HandlerThread:137740 [handler.py:handle_request():101] handle_request: status
2021-09-30 23:51:15,278 DEBUG   SenderThread:137740 [sender.py:send():122] send: request
2021-09-30 23:51:15,278 DEBUG   SenderThread:137740 [sender.py:send_request():131] send_request: status
2021-09-30 23:51:18,550 DEBUG   SenderThread:137740 [sender.py:send():122] send: stats
2021-09-30 23:51:22,959 DEBUG   SenderThread:137740 [sender.py:send():122] send: stats
2021-09-30 23:51:27,369 DEBUG   SenderThread:137740 [sender.py:send():122] send: stats
2021-09-30 23:51:30,524 DEBUG   HandlerThread:137740 [handler.py:handle_request():101] handle_request: status
2021-09-30 23:51:30,524 DEBUG   SenderThread:137740 [sender.py:send():122] send: request
2021-09-30 23:51:30,524 DEBUG   SenderThread:137740 [sender.py:send_request():131] send_request: status
2021-09-30 23:51:31,780 DEBUG   SenderThread:137740 [sender.py:send():122] send: stats
2021-09-30 23:51:36,189 DEBUG   SenderThread:137740 [sender.py:send():122] send: stats
2021-09-30 23:51:40,599 DEBUG   SenderThread:137740 [sender.py:send():122] send: stats
2021-09-30 23:51:45,008 DEBUG   SenderThread:137740 [sender.py:send():122] send: stats
2021-09-30 23:51:45,773 DEBUG   HandlerThread:137740 [handler.py:handle_request():101] handle_request: status
2021-09-30 23:51:45,773 DEBUG   SenderThread:137740 [sender.py:send():122] send: request
2021-09-30 23:51:45,773 DEBUG   SenderThread:137740 [sender.py:send_request():131] send_request: status
2021-09-30 23:51:49,420 DEBUG   SenderThread:137740 [sender.py:send():122] send: stats
2021-09-30 23:51:53,829 DEBUG   SenderThread:137740 [sender.py:send():122] send: stats
2021-09-30 23:51:58,238 DEBUG   SenderThread:137740 [sender.py:send():122] send: stats
2021-09-30 23:52:01,020 DEBUG   HandlerThread:137740 [handler.py:handle_request():101] handle_request: status
2021-09-30 23:52:01,020 DEBUG   SenderThread:137740 [sender.py:send():122] send: request
2021-09-30 23:52:01,020 DEBUG   SenderThread:137740 [sender.py:send_request():131] send_request: status
2021-09-30 23:52:02,648 DEBUG   SenderThread:137740 [sender.py:send():122] send: stats
2021-09-30 23:52:07,057 DEBUG   SenderThread:137740 [sender.py:send():122] send: stats
2021-09-30 23:52:11,472 DEBUG   SenderThread:137740 [sender.py:send():122] send: stats
2021-09-30 23:52:15,881 DEBUG   SenderThread:137740 [sender.py:send():122] send: stats
2021-09-30 23:52:16,271 DEBUG   HandlerThread:137740 [handler.py:handle_request():101] handle_request: status
2021-09-30 23:52:16,271 DEBUG   SenderThread:137740 [sender.py:send():122] send: request
2021-09-30 23:52:16,271 DEBUG   SenderThread:137740 [sender.py:send_request():131] send_request: status
2021-09-30 23:52:20,290 DEBUG   SenderThread:137740 [sender.py:send():122] send: stats
2021-09-30 23:52:24,700 DEBUG   SenderThread:137740 [sender.py:send():122] send: stats
2021-09-30 23:52:29,110 DEBUG   SenderThread:137740 [sender.py:send():122] send: stats
2021-09-30 23:52:31,516 DEBUG   HandlerThread:137740 [handler.py:handle_request():101] handle_request: status
2021-09-30 23:52:31,517 DEBUG   SenderThread:137740 [sender.py:send():122] send: request
2021-09-30 23:52:31,517 DEBUG   SenderThread:137740 [sender.py:send_request():131] send_request: status
2021-09-30 23:52:33,520 DEBUG   SenderThread:137740 [sender.py:send():122] send: stats
2021-09-30 23:52:37,929 DEBUG   SenderThread:137740 [sender.py:send():122] send: stats
2021-09-30 23:52:42,341 DEBUG   SenderThread:137740 [sender.py:send():122] send: stats
2021-09-30 23:52:46,750 DEBUG   HandlerThread:137740 [handler.py:handle_request():101] handle_request: status
2021-09-30 23:52:46,750 DEBUG   SenderThread:137740 [sender.py:send():122] send: request
2021-09-30 23:52:46,750 DEBUG   SenderThread:137740 [sender.py:send_request():131] send_request: status
2021-09-30 23:52:46,988 DEBUG   SenderThread:137740 [sender.py:send():122] send: stats
2021-09-30 23:52:51,165 DEBUG   SenderThread:137740 [sender.py:send():122] send: stats
2021-09-30 23:52:55,575 DEBUG   SenderThread:137740 [sender.py:send():122] send: stats
2021-09-30 23:52:59,984 DEBUG   SenderThread:137740 [sender.py:send():122] send: stats
2021-09-30 23:53:01,989 DEBUG   HandlerThread:137740 [handler.py:handle_request():101] handle_request: status
2021-09-30 23:53:01,989 DEBUG   SenderThread:137740 [sender.py:send():122] send: request
2021-09-30 23:53:01,989 DEBUG   SenderThread:137740 [sender.py:send_request():131] send_request: status
2021-09-30 23:53:04,394 DEBUG   SenderThread:137740 [sender.py:send():122] send: stats
2021-09-30 23:53:08,803 DEBUG   SenderThread:137740 [sender.py:send():122] send: stats
2021-09-30 23:53:13,213 DEBUG   SenderThread:137740 [sender.py:send():122] send: stats
2021-09-30 23:53:17,269 DEBUG   HandlerThread:137740 [handler.py:handle_request():101] handle_request: status
2021-09-30 23:53:17,270 DEBUG   SenderThread:137740 [sender.py:send():122] send: request
2021-09-30 23:53:17,270 DEBUG   SenderThread:137740 [sender.py:send_request():131] send_request: status
2021-09-30 23:53:17,622 DEBUG   SenderThread:137740 [sender.py:send():122] send: stats
2021-09-30 23:53:22,032 DEBUG   SenderThread:137740 [sender.py:send():122] send: stats
2021-09-30 23:53:26,441 DEBUG   SenderThread:137740 [sender.py:send():122] send: stats
2021-09-30 23:53:30,850 DEBUG   SenderThread:137740 [sender.py:send():122] send: stats
2021-09-30 23:53:32,536 DEBUG   HandlerThread:137740 [handler.py:handle_request():101] handle_request: status
2021-09-30 23:53:32,536 DEBUG   SenderThread:137740 [sender.py:send():122] send: request
2021-09-30 23:53:32,536 DEBUG   SenderThread:137740 [sender.py:send_request():131] send_request: status
2021-09-30 23:53:35,260 DEBUG   SenderThread:137740 [sender.py:send():122] send: stats
2021-09-30 23:53:39,669 DEBUG   SenderThread:137740 [sender.py:send():122] send: stats
2021-09-30 23:53:44,081 DEBUG   SenderThread:137740 [sender.py:send():122] send: stats
2021-09-30 23:53:47,803 DEBUG   HandlerThread:137740 [handler.py:handle_request():101] handle_request: status
2021-09-30 23:53:47,803 DEBUG   SenderThread:137740 [sender.py:send():122] send: request
2021-09-30 23:53:47,804 DEBUG   SenderThread:137740 [sender.py:send_request():131] send_request: status
2021-09-30 23:53:48,490 DEBUG   SenderThread:137740 [sender.py:send():122] send: stats
2021-09-30 23:53:52,899 DEBUG   SenderThread:137740 [sender.py:send():122] send: stats
2021-09-30 23:53:57,309 DEBUG   SenderThread:137740 [sender.py:send():122] send: stats
2021-09-30 23:54:01,718 DEBUG   SenderThread:137740 [sender.py:send():122] send: stats
2021-09-30 23:54:03,088 DEBUG   HandlerThread:137740 [handler.py:handle_request():101] handle_request: status
2021-09-30 23:54:03,088 DEBUG   SenderThread:137740 [sender.py:send():122] send: request
2021-09-30 23:54:03,088 DEBUG   SenderThread:137740 [sender.py:send_request():131] send_request: status
2021-09-30 23:54:06,128 DEBUG   SenderThread:137740 [sender.py:send():122] send: stats
2021-09-30 23:54:10,537 DEBUG   SenderThread:137740 [sender.py:send():122] send: stats
2021-09-30 23:54:14,946 DEBUG   SenderThread:137740 [sender.py:send():122] send: stats
2021-09-30 23:54:18,341 DEBUG   HandlerThread:137740 [handler.py:handle_request():101] handle_request: status
2021-09-30 23:54:18,341 DEBUG   SenderThread:137740 [sender.py:send():122] send: request
2021-09-30 23:54:18,341 DEBUG   SenderThread:137740 [sender.py:send_request():131] send_request: status
2021-09-30 23:54:19,359 DEBUG   SenderThread:137740 [sender.py:send():122] send: stats
2021-09-30 23:54:23,769 DEBUG   SenderThread:137740 [sender.py:send():122] send: stats
2021-09-30 23:54:28,178 DEBUG   SenderThread:137740 [sender.py:send():122] send: stats
2021-09-30 23:54:32,587 DEBUG   SenderThread:137740 [sender.py:send():122] send: stats
2021-09-30 23:54:33,582 DEBUG   HandlerThread:137740 [handler.py:handle_request():101] handle_request: status
2021-09-30 23:54:33,582 DEBUG   SenderThread:137740 [sender.py:send():122] send: request
2021-09-30 23:54:33,582 DEBUG   SenderThread:137740 [sender.py:send_request():131] send_request: status
2021-09-30 23:54:36,998 DEBUG   SenderThread:137740 [sender.py:send():122] send: stats
2021-09-30 23:54:41,408 DEBUG   SenderThread:137740 [sender.py:send():122] send: stats
2021-09-30 23:54:45,817 DEBUG   SenderThread:137740 [sender.py:send():122] send: stats
2021-09-30 23:54:48,827 DEBUG   HandlerThread:137740 [handler.py:handle_request():101] handle_request: status
2021-09-30 23:54:48,828 DEBUG   SenderThread:137740 [sender.py:send():122] send: request
2021-09-30 23:54:48,828 DEBUG   SenderThread:137740 [sender.py:send_request():131] send_request: status
2021-09-30 23:54:50,227 DEBUG   SenderThread:137740 [sender.py:send():122] send: stats
2021-09-30 23:54:54,636 DEBUG   SenderThread:137740 [sender.py:send():122] send: stats
2021-09-30 23:54:59,045 DEBUG   SenderThread:137740 [sender.py:send():122] send: stats
2021-09-30 23:55:03,454 DEBUG   SenderThread:137740 [sender.py:send():122] send: stats
2021-09-30 23:55:04,071 DEBUG   HandlerThread:137740 [handler.py:handle_request():101] handle_request: status
2021-09-30 23:55:04,071 DEBUG   SenderThread:137740 [sender.py:send():122] send: request
2021-09-30 23:55:04,071 DEBUG   SenderThread:137740 [sender.py:send_request():131] send_request: status
2021-09-30 23:55:07,864 DEBUG   SenderThread:137740 [sender.py:send():122] send: stats
2021-09-30 23:55:12,273 DEBUG   SenderThread:137740 [sender.py:send():122] send: stats
2021-09-30 23:55:16,685 DEBUG   SenderThread:137740 [sender.py:send():122] send: stats
2021-09-30 23:55:19,317 DEBUG   HandlerThread:137740 [handler.py:handle_request():101] handle_request: status
2021-09-30 23:55:19,317 DEBUG   SenderThread:137740 [sender.py:send():122] send: request
2021-09-30 23:55:19,317 DEBUG   SenderThread:137740 [sender.py:send_request():131] send_request: status
2021-09-30 23:55:21,105 DEBUG   SenderThread:137740 [sender.py:send():122] send: stats
2021-09-30 23:55:25,514 DEBUG   SenderThread:137740 [sender.py:send():122] send: stats
2021-09-30 23:55:29,923 DEBUG   SenderThread:137740 [sender.py:send():122] send: stats
2021-09-30 23:55:34,332 DEBUG   SenderThread:137740 [sender.py:send():122] send: stats
2021-09-30 23:55:34,562 DEBUG   HandlerThread:137740 [handler.py:handle_request():101] handle_request: status
2021-09-30 23:55:34,563 DEBUG   SenderThread:137740 [sender.py:send():122] send: request
2021-09-30 23:55:34,563 DEBUG   SenderThread:137740 [sender.py:send_request():131] send_request: status
2021-09-30 23:55:38,741 DEBUG   SenderThread:137740 [sender.py:send():122] send: stats
2021-09-30 23:55:43,180 DEBUG   SenderThread:137740 [sender.py:send():122] send: stats
2021-09-30 23:55:47,593 DEBUG   SenderThread:137740 [sender.py:send():122] send: stats
2021-09-30 23:55:49,953 DEBUG   HandlerThread:137740 [handler.py:handle_request():101] handle_request: status
2021-09-30 23:55:49,953 DEBUG   SenderThread:137740 [sender.py:send():122] send: request
2021-09-30 23:55:49,953 DEBUG   SenderThread:137740 [sender.py:send_request():131] send_request: status
2021-09-30 23:55:52,003 DEBUG   SenderThread:137740 [sender.py:send():122] send: stats
2021-09-30 23:55:56,412 DEBUG   SenderThread:137740 [sender.py:send():122] send: stats
2021-09-30 23:56:00,821 DEBUG   SenderThread:137740 [sender.py:send():122] send: stats
2021-09-30 23:56:05,218 DEBUG   HandlerThread:137740 [handler.py:handle_request():101] handle_request: status
2021-09-30 23:56:05,219 DEBUG   SenderThread:137740 [sender.py:send():122] send: request
2021-09-30 23:56:05,219 DEBUG   SenderThread:137740 [sender.py:send_request():131] send_request: status
2021-09-30 23:56:05,495 DEBUG   SenderThread:137740 [sender.py:send():122] send: stats
2021-09-30 23:56:09,640 DEBUG   SenderThread:137740 [sender.py:send():122] send: stats
2021-09-30 23:56:14,051 DEBUG   SenderThread:137740 [sender.py:send():122] send: stats
2021-09-30 23:56:18,460 DEBUG   SenderThread:137740 [sender.py:send():122] send: stats
2021-09-30 23:56:20,496 DEBUG   HandlerThread:137740 [handler.py:handle_request():101] handle_request: status
2021-09-30 23:56:20,497 DEBUG   SenderThread:137740 [sender.py:send():122] send: request
2021-09-30 23:56:20,497 DEBUG   SenderThread:137740 [sender.py:send_request():131] send_request: status
2021-09-30 23:56:22,870 DEBUG   SenderThread:137740 [sender.py:send():122] send: stats
2021-09-30 23:56:27,279 DEBUG   SenderThread:137740 [sender.py:send():122] send: stats
2021-09-30 23:56:31,689 DEBUG   SenderThread:137740 [sender.py:send():122] send: stats
2021-09-30 23:56:35,892 DEBUG   HandlerThread:137740 [handler.py:handle_request():101] handle_request: status
2021-09-30 23:56:35,892 DEBUG   SenderThread:137740 [sender.py:send():122] send: request
2021-09-30 23:56:35,892 DEBUG   SenderThread:137740 [sender.py:send_request():131] send_request: status
2021-09-30 23:56:36,136 DEBUG   SenderThread:137740 [sender.py:send():122] send: stats
2021-09-30 23:56:40,509 DEBUG   SenderThread:137740 [sender.py:send():122] send: stats
2021-09-30 23:56:44,925 DEBUG   SenderThread:137740 [sender.py:send():122] send: stats
2021-09-30 23:56:49,335 DEBUG   SenderThread:137740 [sender.py:send():122] send: stats
2021-09-30 23:56:51,137 DEBUG   HandlerThread:137740 [handler.py:handle_request():101] handle_request: status
2021-09-30 23:56:51,137 DEBUG   SenderThread:137740 [sender.py:send():122] send: request
2021-09-30 23:56:51,137 DEBUG   SenderThread:137740 [sender.py:send_request():131] send_request: status
2021-09-30 23:56:53,747 DEBUG   SenderThread:137740 [sender.py:send():122] send: stats
2021-09-30 23:56:58,160 DEBUG   SenderThread:137740 [sender.py:send():122] send: stats
2021-09-30 23:57:02,569 DEBUG   SenderThread:137740 [sender.py:send():122] send: stats
2021-09-30 23:57:06,418 DEBUG   HandlerThread:137740 [handler.py:handle_request():101] handle_request: status
2021-09-30 23:57:06,418 DEBUG   SenderThread:137740 [sender.py:send():122] send: request
2021-09-30 23:57:06,418 DEBUG   SenderThread:137740 [sender.py:send_request():131] send_request: status
2021-09-30 23:57:06,978 DEBUG   SenderThread:137740 [sender.py:send():122] send: stats
2021-09-30 23:57:11,388 DEBUG   SenderThread:137740 [sender.py:send():122] send: stats
2021-09-30 23:57:15,797 DEBUG   SenderThread:137740 [sender.py:send():122] send: stats
2021-09-30 23:57:20,211 DEBUG   SenderThread:137740 [sender.py:send():122] send: stats
2021-09-30 23:57:21,674 DEBUG   HandlerThread:137740 [handler.py:handle_request():101] handle_request: status
2021-09-30 23:57:21,674 DEBUG   SenderThread:137740 [sender.py:send():122] send: request
2021-09-30 23:57:21,674 DEBUG   SenderThread:137740 [sender.py:send_request():131] send_request: status
2021-09-30 23:57:24,622 DEBUG   SenderThread:137740 [sender.py:send():122] send: stats
2021-09-30 23:57:29,032 DEBUG   SenderThread:137740 [sender.py:send():122] send: stats
2021-09-30 23:57:33,441 DEBUG   SenderThread:137740 [sender.py:send():122] send: stats
2021-09-30 23:57:36,922 DEBUG   HandlerThread:137740 [handler.py:handle_request():101] handle_request: status
2021-09-30 23:57:36,922 DEBUG   SenderThread:137740 [sender.py:send():122] send: request
2021-09-30 23:57:36,922 DEBUG   SenderThread:137740 [sender.py:send_request():131] send_request: status
2021-09-30 23:57:37,850 DEBUG   SenderThread:137740 [sender.py:send():122] send: stats
2021-09-30 23:57:42,260 DEBUG   SenderThread:137740 [sender.py:send():122] send: stats
2021-09-30 23:57:46,669 DEBUG   SenderThread:137740 [sender.py:send():122] send: stats
2021-09-30 23:57:51,079 DEBUG   SenderThread:137740 [sender.py:send():122] send: stats
2021-09-30 23:57:52,207 DEBUG   HandlerThread:137740 [handler.py:handle_request():101] handle_request: status
2021-09-30 23:57:52,207 DEBUG   SenderThread:137740 [sender.py:send():122] send: request
2021-09-30 23:57:52,207 DEBUG   SenderThread:137740 [sender.py:send_request():131] send_request: status
2021-09-30 23:57:55,488 DEBUG   SenderThread:137740 [sender.py:send():122] send: stats
2021-09-30 23:57:59,904 DEBUG   SenderThread:137740 [sender.py:send():122] send: stats
2021-09-30 23:58:04,314 DEBUG   SenderThread:137740 [sender.py:send():122] send: stats
2021-09-30 23:58:07,457 DEBUG   HandlerThread:137740 [handler.py:handle_request():101] handle_request: status
2021-09-30 23:58:07,458 DEBUG   SenderThread:137740 [sender.py:send():122] send: request
2021-09-30 23:58:07,458 DEBUG   SenderThread:137740 [sender.py:send_request():131] send_request: status
2021-09-30 23:59:00,987 ERROR   SenderThread:137740 [retry.py:__call__():111] Retry attempt failed:
Traceback (most recent call last):
  File "/home/guillermo/miniconda3/envs/mlflow-baaae7b99982e9af6a16460e4ff96fd763020045/lib/python3.8/site-packages/urllib3/connection.py", line 174, in _new_conn
    conn = connection.create_connection(
  File "/home/guillermo/miniconda3/envs/mlflow-baaae7b99982e9af6a16460e4ff96fd763020045/lib/python3.8/site-packages/urllib3/util/connection.py", line 73, in create_connection
    for res in socket.getaddrinfo(host, port, family, socket.SOCK_STREAM):
  File "/home/guillermo/miniconda3/envs/mlflow-baaae7b99982e9af6a16460e4ff96fd763020045/lib/python3.8/socket.py", line 918, in getaddrinfo
    for res in _socket.getaddrinfo(host, port, family, type, proto, flags):
socket.gaierror: [Errno -3] Temporary failure in name resolution

During handling of the above exception, another exception occurred:

Traceback (most recent call last):
  File "/home/guillermo/miniconda3/envs/mlflow-baaae7b99982e9af6a16460e4ff96fd763020045/lib/python3.8/site-packages/urllib3/connectionpool.py", line 699, in urlopen
    httplib_response = self._make_request(
  File "/home/guillermo/miniconda3/envs/mlflow-baaae7b99982e9af6a16460e4ff96fd763020045/lib/python3.8/site-packages/urllib3/connectionpool.py", line 382, in _make_request
    self._validate_conn(conn)
  File "/home/guillermo/miniconda3/envs/mlflow-baaae7b99982e9af6a16460e4ff96fd763020045/lib/python3.8/site-packages/urllib3/connectionpool.py", line 1010, in _validate_conn
    conn.connect()
  File "/home/guillermo/miniconda3/envs/mlflow-baaae7b99982e9af6a16460e4ff96fd763020045/lib/python3.8/site-packages/urllib3/connection.py", line 358, in connect
    conn = self._new_conn()
  File "/home/guillermo/miniconda3/envs/mlflow-baaae7b99982e9af6a16460e4ff96fd763020045/lib/python3.8/site-packages/urllib3/connection.py", line 186, in _new_conn
    raise NewConnectionError(
urllib3.exceptions.NewConnectionError: <urllib3.connection.HTTPSConnection object at 0x7fd2b2142430>: Failed to establish a new connection: [Errno -3] Temporary failure in name resolution

During handling of the above exception, another exception occurred:

Traceback (most recent call last):
  File "/home/guillermo/.local/lib/python3.8/site-packages/requests/adapters.py", line 439, in send
    resp = conn.urlopen(
  File "/home/guillermo/miniconda3/envs/mlflow-baaae7b99982e9af6a16460e4ff96fd763020045/lib/python3.8/site-packages/urllib3/connectionpool.py", line 755, in urlopen
    retries = retries.increment(
  File "/home/guillermo/miniconda3/envs/mlflow-baaae7b99982e9af6a16460e4ff96fd763020045/lib/python3.8/site-packages/urllib3/util/retry.py", line 574, in increment
    raise MaxRetryError(_pool, url, error or ResponseError(cause))
urllib3.exceptions.MaxRetryError: HTTPSConnectionPool(host='api.wandb.ai', port=443): Max retries exceeded with url: /graphql (Caused by NewConnectionError('<urllib3.connection.HTTPSConnection object at 0x7fd2b2142430>: Failed to establish a new connection: [Errno -3] Temporary failure in name resolution'))

During handling of the above exception, another exception occurred:

Traceback (most recent call last):
  File "/home/guillermo/miniconda3/envs/mlflow-baaae7b99982e9af6a16460e4ff96fd763020045/lib/python3.8/site-packages/wandb/old/retry.py", line 96, in __call__
    result = self._call_fn(*args, **kwargs)
  File "/home/guillermo/miniconda3/envs/mlflow-baaae7b99982e9af6a16460e4ff96fd763020045/lib/python3.8/site-packages/wandb/sdk/internal/internal_api.py", line 123, in execute
    return self.client.execute(*args, **kwargs)
  File "/home/guillermo/miniconda3/envs/mlflow-baaae7b99982e9af6a16460e4ff96fd763020045/lib/python3.8/site-packages/wandb/vendor/gql-0.2.0/gql/client.py", line 52, in execute
    result = self._get_result(document, *args, **kwargs)
  File "/home/guillermo/miniconda3/envs/mlflow-baaae7b99982e9af6a16460e4ff96fd763020045/lib/python3.8/site-packages/wandb/vendor/gql-0.2.0/gql/client.py", line 60, in _get_result
    return self.transport.execute(document, *args, **kwargs)
  File "/home/guillermo/miniconda3/envs/mlflow-baaae7b99982e9af6a16460e4ff96fd763020045/lib/python3.8/site-packages/wandb/vendor/gql-0.2.0/gql/transport/requests.py", line 38, in execute
    request = requests.post(self.url, **post_args)
  File "/home/guillermo/.local/lib/python3.8/site-packages/requests/api.py", line 117, in post
    return request('post', url, data=data, json=json, **kwargs)
  File "/home/guillermo/.local/lib/python3.8/site-packages/requests/api.py", line 61, in request
    return session.request(method=method, url=url, **kwargs)
  File "/home/guillermo/.local/lib/python3.8/site-packages/requests/sessions.py", line 542, in request
    resp = self.send(prep, **send_kwargs)
  File "/home/guillermo/.local/lib/python3.8/site-packages/requests/sessions.py", line 655, in send
    r = adapter.send(request, **kwargs)
  File "/home/guillermo/.local/lib/python3.8/site-packages/requests/adapters.py", line 516, in send
    raise ConnectionError(e, request=request)
requests.exceptions.ConnectionError: HTTPSConnectionPool(host='api.wandb.ai', port=443): Max retries exceeded with url: /graphql (Caused by NewConnectionError('<urllib3.connection.HTTPSConnection object at 0x7fd2b2142430>: Failed to establish a new connection: [Errno -3] Temporary failure in name resolution'))
2021-09-30 23:59:18,467 WARNING Thread-5  :137740 [util.py:request_with_retry():734] requests_with_retry encountered retryable exception: ('Connection aborted.', ConnectionResetError(104, 'Connection reset by peer')). args: ('https://api.wandb.ai/files/gfigueroa/nyc_airbnb/3p6xiksk/file_stream',), kwargs: {'json': {'files': {'wandb-events.jsonl': {'offset': 172, 'content': ['{"system.cpu": 99.95, "system.memory": 44.45, "system.disk": 22.4, "system.proc.memory.availableMB": 6499.48, "system.proc.memory.rssMB": 67.12, "system.proc.memory.percent": 0.57, "system.proc.cpu.threads": 12.0, "system.network.sent": 6157659, "system.network.recv": 6243476, "_wandb": true, "_timestamp": 1633057071, "_runtime": 763}', '{"system.cpu": 100.0, "system.memory": 44.4, "system.disk": 22.4, "system.proc.memory.availableMB": 6507.58, "system.proc.memory.rssMB": 67.12, "system.proc.memory.percent": 0.57, "system.proc.cpu.threads": 12.0, "system.network.sent": 6242937, "system.network.recv": 6320744, "_wandb": true, "_timestamp": 1633057075, "_runtime": 767}', '{"system.cpu": 100.0, "system.memory": 44.4, "system.disk": 22.4, "system.proc.memory.availableMB": 6509.92, "system.proc.memory.rssMB": 67.12, "system.proc.memory.percent": 0.57, "system.proc.cpu.threads": 12.0, "system.network.sent": 6332419, "system.network.recv": 6409590, "_wandb": true, "_timestamp": 1633057079, "_runtime": 771}', '{"system.cpu": 100.0, "system.memory": 44.4, "system.disk": 22.4, "system.proc.memory.availableMB": 6509.04, "system.proc.memory.rssMB": 67.12, "system.proc.memory.percent": 0.57, "system.proc.cpu.threads": 12.0, "system.network.sent": 6357363, "system.network.recv": 6434539, "_wandb": true, "_timestamp": 1633057084, "_runtime": 776}']}}}}
2021-09-30 23:59:24,301 DEBUG   SenderThread:137740 [sender.py:send():122] send: stats
2021-09-30 23:59:24,302 DEBUG   SenderThread:137740 [sender.py:send():122] send: stats
2021-09-30 23:59:24,302 DEBUG   SenderThread:137740 [sender.py:send():122] send: stats
2021-09-30 23:59:24,302 DEBUG   SenderThread:137740 [sender.py:send():122] send: stats
2021-09-30 23:59:24,302 DEBUG   SenderThread:137740 [sender.py:send():122] send: stats
2021-09-30 23:59:24,302 DEBUG   SenderThread:137740 [sender.py:send():122] send: stats
2021-09-30 23:59:24,303 DEBUG   SenderThread:137740 [sender.py:send():122] send: stats
2021-09-30 23:59:24,303 DEBUG   SenderThread:137740 [sender.py:send():122] send: stats
2021-09-30 23:59:24,303 DEBUG   SenderThread:137740 [sender.py:send():122] send: stats
2021-09-30 23:59:24,303 DEBUG   SenderThread:137740 [sender.py:send():122] send: stats
2021-09-30 23:59:24,303 DEBUG   SenderThread:137740 [sender.py:send():122] send: stats
2021-09-30 23:59:24,303 DEBUG   SenderThread:137740 [sender.py:send():122] send: stats
2021-09-30 23:59:24,303 DEBUG   SenderThread:137740 [sender.py:send():122] send: stats
2021-09-30 23:59:24,303 DEBUG   SenderThread:137740 [sender.py:send():122] send: stats
2021-09-30 23:59:24,304 DEBUG   SenderThread:137740 [sender.py:send():122] send: stats
2021-09-30 23:59:24,304 DEBUG   SenderThread:137740 [sender.py:send():122] send: stats
2021-09-30 23:59:24,304 DEBUG   SenderThread:137740 [sender.py:send():122] send: stats
2021-09-30 23:59:24,304 DEBUG   SenderThread:137740 [sender.py:send():122] send: stats
2021-09-30 23:59:28,117 DEBUG   SenderThread:137740 [sender.py:send():122] send: stats
2021-09-30 23:59:32,530 DEBUG   SenderThread:137740 [sender.py:send():122] send: stats
2021-09-30 23:59:36,939 DEBUG   SenderThread:137740 [sender.py:send():122] send: stats
2021-09-30 23:59:39,308 DEBUG   HandlerThread:137740 [handler.py:handle_request():101] handle_request: status
2021-09-30 23:59:39,308 DEBUG   SenderThread:137740 [sender.py:send():122] send: request
2021-09-30 23:59:39,308 DEBUG   SenderThread:137740 [sender.py:send_request():131] send_request: status
2021-09-30 23:59:41,352 DEBUG   SenderThread:137740 [sender.py:send():122] send: stats
2021-09-30 23:59:45,761 DEBUG   SenderThread:137740 [sender.py:send():122] send: stats
2021-09-30 23:59:50,170 DEBUG   SenderThread:137740 [sender.py:send():122] send: stats
2021-09-30 23:59:54,550 DEBUG   HandlerThread:137740 [handler.py:handle_request():101] handle_request: status
2021-09-30 23:59:54,551 DEBUG   SenderThread:137740 [sender.py:send():122] send: request
2021-09-30 23:59:54,551 DEBUG   SenderThread:137740 [sender.py:send_request():131] send_request: status
2021-09-30 23:59:54,788 DEBUG   SenderThread:137740 [sender.py:send():122] send: stats
2021-09-30 23:59:58,992 DEBUG   SenderThread:137740 [sender.py:send():122] send: stats
2021-10-01 00:00:03,399 DEBUG   SenderThread:137740 [sender.py:send():122] send: stats
2021-10-01 00:00:07,809 DEBUG   SenderThread:137740 [sender.py:send():122] send: stats
2021-10-01 00:00:09,790 DEBUG   HandlerThread:137740 [handler.py:handle_request():101] handle_request: status
2021-10-01 00:00:09,790 DEBUG   SenderThread:137740 [sender.py:send():122] send: request
2021-10-01 00:00:09,790 DEBUG   SenderThread:137740 [sender.py:send_request():131] send_request: status
2021-10-01 00:00:12,232 DEBUG   SenderThread:137740 [sender.py:send():122] send: stats
2021-10-01 00:00:16,641 DEBUG   SenderThread:137740 [sender.py:send():122] send: stats
2021-10-01 00:00:21,051 DEBUG   SenderThread:137740 [sender.py:send():122] send: stats
2021-10-01 00:00:25,083 DEBUG   HandlerThread:137740 [handler.py:handle_request():101] handle_request: status
2021-10-01 00:00:25,083 DEBUG   SenderThread:137740 [sender.py:send():122] send: request
2021-10-01 00:00:25,084 DEBUG   SenderThread:137740 [sender.py:send_request():131] send_request: status
2021-10-01 00:00:25,459 DEBUG   SenderThread:137740 [sender.py:send():122] send: stats
2021-10-01 00:00:29,869 DEBUG   SenderThread:137740 [sender.py:send():122] send: stats
2021-10-01 00:00:34,285 DEBUG   SenderThread:137740 [sender.py:send():122] send: stats
2021-10-01 00:00:38,694 DEBUG   SenderThread:137740 [sender.py:send():122] send: stats
2021-10-01 00:00:40,335 DEBUG   HandlerThread:137740 [handler.py:handle_request():101] handle_request: status
2021-10-01 00:00:40,335 DEBUG   SenderThread:137740 [sender.py:send():122] send: request
2021-10-01 00:00:40,336 DEBUG   SenderThread:137740 [sender.py:send_request():131] send_request: status
2021-10-01 00:00:43,106 DEBUG   SenderThread:137740 [sender.py:send():122] send: stats
2021-10-01 00:00:47,515 DEBUG   SenderThread:137740 [sender.py:send():122] send: stats
2021-10-01 00:00:51,925 DEBUG   SenderThread:137740 [sender.py:send():122] send: stats
2021-10-01 00:00:55,591 DEBUG   HandlerThread:137740 [handler.py:handle_request():101] handle_request: status
2021-10-01 00:00:55,591 DEBUG   SenderThread:137740 [sender.py:send():122] send: request
2021-10-01 00:00:55,591 DEBUG   SenderThread:137740 [sender.py:send_request():131] send_request: status
2021-10-01 00:00:56,335 DEBUG   SenderThread:137740 [sender.py:send():122] send: stats
2021-10-01 00:01:00,745 DEBUG   SenderThread:137740 [sender.py:send():122] send: stats
2021-10-01 00:01:05,154 DEBUG   SenderThread:137740 [sender.py:send():122] send: stats
2021-10-01 00:01:09,564 DEBUG   SenderThread:137740 [sender.py:send():122] send: stats
2021-10-01 00:01:09,713 DEBUG   HandlerThread:137740 [handler.py:handle_request():101] handle_request: log_artifact
2021-10-01 00:01:09,713 DEBUG   SenderThread:137740 [sender.py:send():122] send: request
2021-10-01 00:01:09,714 DEBUG   SenderThread:137740 [sender.py:send_request():131] send_request: log_artifact
2021-10-01 00:01:10,834 DEBUG   HandlerThread:137740 [handler.py:handle_request():101] handle_request: status
2021-10-01 00:01:25,025 DEBUG   SenderThread:137740 [sender.py:send():122] send: request
2021-10-01 00:01:25,025 DEBUG   SenderThread:137740 [sender.py:send_request():131] send_request: status
2021-10-01 00:01:25,282 DEBUG   SenderThread:137740 [sender.py:send():122] send: stats
2021-10-01 00:01:25,283 DEBUG   SenderThread:137740 [sender.py:send():122] send: stats
2021-10-01 00:01:25,283 DEBUG   SenderThread:137740 [sender.py:send():122] send: stats
2021-10-01 00:01:25,996 DEBUG   SenderThread:137740 [sender.py:send():122] send: summary
2021-10-01 00:01:25,996 INFO    SenderThread:137740 [sender.py:_save_file():730] saving file wandb-summary.json with policy end
2021-10-01 00:01:25,996 DEBUG   SenderThread:137740 [sender.py:send():122] send: summary
2021-10-01 00:01:25,997 INFO    SenderThread:137740 [sender.py:_save_file():730] saving file wandb-summary.json with policy end
2021-10-01 00:01:26,211 DEBUG   SenderThread:137740 [sender.py:send():122] send: files
2021-10-01 00:01:26,211 INFO    SenderThread:137740 [sender.py:_save_file():730] saving file media/images/feature_importance_0_537df337.png with policy now
2021-10-01 00:01:26,215 DEBUG   SenderThread:137740 [sender.py:send():122] send: history
2021-10-01 00:01:26,215 DEBUG   SenderThread:137740 [sender.py:send():122] send: summary
2021-10-01 00:01:26,215 INFO    SenderThread:137740 [sender.py:_save_file():730] saving file wandb-summary.json with policy end
2021-10-01 00:01:26,216 DEBUG   HandlerThread:137740 [handler.py:handle_request():101] handle_request: poll_exit
2021-10-01 00:01:26,216 DEBUG   SenderThread:137740 [sender.py:send():122] send: telemetry
2021-10-01 00:01:26,522 DEBUG   SenderThread:137740 [sender.py:send():122] send: exit
2021-10-01 00:01:26,523 INFO    SenderThread:137740 [sender.py:send_exit():200] handling exit code: 0
2021-10-01 00:01:26,523 INFO    SenderThread:137740 [sender.py:send_exit():208] send defer
2021-10-01 00:01:26,523 DEBUG   SenderThread:137740 [sender.py:send():122] send: request
2021-10-01 00:01:26,523 DEBUG   SenderThread:137740 [sender.py:send_request():131] send_request: poll_exit
2021-10-01 00:01:26,524 DEBUG   HandlerThread:137740 [handler.py:handle_request():101] handle_request: defer
2021-10-01 00:01:26,524 INFO    HandlerThread:137740 [handler.py:handle_request_defer():115] handle defer: 0
2021-10-01 00:01:26,524 DEBUG   SenderThread:137740 [sender.py:send():122] send: request
2021-10-01 00:01:26,524 DEBUG   SenderThread:137740 [sender.py:send_request():131] send_request: defer
2021-10-01 00:01:26,524 INFO    SenderThread:137740 [sender.py:send_request_defer():217] handle sender defer: 0
2021-10-01 00:01:26,524 INFO    SenderThread:137740 [sender.py:send_request_defer():253] send defer: 1
2021-10-01 00:01:26,525 DEBUG   HandlerThread:137740 [handler.py:handle_request():101] handle_request: defer
2021-10-01 00:01:26,525 INFO    HandlerThread:137740 [handler.py:handle_request_defer():115] handle defer: 1
2021-10-01 00:01:26,624 DEBUG   SenderThread:137740 [sender.py:send():122] send: request
2021-10-01 00:01:26,624 DEBUG   SenderThread:137740 [sender.py:send_request():131] send_request: defer
2021-10-01 00:01:26,624 INFO    SenderThread:137740 [sender.py:send_request_defer():217] handle sender defer: 1
2021-10-01 00:01:26,625 INFO    SenderThread:137740 [sender.py:send_request_defer():253] send defer: 2
2021-10-01 00:01:26,625 DEBUG   SenderThread:137740 [sender.py:send():122] send: stats
2021-10-01 00:01:26,626 DEBUG   HandlerThread:137740 [handler.py:handle_request():101] handle_request: defer
2021-10-01 00:01:26,626 INFO    HandlerThread:137740 [handler.py:handle_request_defer():115] handle defer: 2
2021-10-01 00:01:26,630 DEBUG   SenderThread:137740 [sender.py:send():122] send: request
2021-10-01 00:01:26,630 DEBUG   SenderThread:137740 [sender.py:send_request():131] send_request: defer
2021-10-01 00:01:26,630 INFO    SenderThread:137740 [sender.py:send_request_defer():217] handle sender defer: 2
2021-10-01 00:01:26,630 INFO    SenderThread:137740 [sender.py:send_request_defer():253] send defer: 3
2021-10-01 00:01:26,630 DEBUG   HandlerThread:137740 [handler.py:handle_request():101] handle_request: defer
2021-10-01 00:01:26,630 INFO    HandlerThread:137740 [handler.py:handle_request_defer():115] handle defer: 3
2021-10-01 00:01:26,631 DEBUG   SenderThread:137740 [sender.py:send():122] send: summary
2021-10-01 00:01:26,631 INFO    SenderThread:137740 [sender.py:_save_file():730] saving file wandb-summary.json with policy end
2021-10-01 00:01:26,632 DEBUG   SenderThread:137740 [sender.py:send():122] send: request
2021-10-01 00:01:26,632 DEBUG   SenderThread:137740 [sender.py:send_request():131] send_request: defer
2021-10-01 00:01:26,632 INFO    SenderThread:137740 [sender.py:send_request_defer():217] handle sender defer: 3
2021-10-01 00:01:26,632 INFO    SenderThread:137740 [sender.py:send_request_defer():253] send defer: 4
2021-10-01 00:01:26,632 DEBUG   HandlerThread:137740 [handler.py:handle_request():101] handle_request: defer
2021-10-01 00:01:26,632 INFO    HandlerThread:137740 [handler.py:handle_request_defer():115] handle defer: 4
2021-10-01 00:01:26,633 DEBUG   SenderThread:137740 [sender.py:send():122] send: request
2021-10-01 00:01:26,633 DEBUG   SenderThread:137740 [sender.py:send_request():131] send_request: defer
2021-10-01 00:01:26,633 INFO    SenderThread:137740 [sender.py:send_request_defer():217] handle sender defer: 4
2021-10-01 00:01:27,452 INFO    SenderThread:137740 [sender.py:send_request_defer():253] send defer: 5
2021-10-01 00:01:27,458 DEBUG   HandlerThread:137740 [handler.py:handle_request():101] handle_request: defer
2021-10-01 00:01:27,458 INFO    HandlerThread:137740 [handler.py:handle_request_defer():115] handle defer: 5
2021-10-01 00:01:27,469 DEBUG   SenderThread:137740 [sender.py:send():122] send: request
2021-10-01 00:01:27,470 DEBUG   SenderThread:137740 [sender.py:send_request():131] send_request: defer
2021-10-01 00:01:27,470 INFO    SenderThread:137740 [sender.py:send_request_defer():217] handle sender defer: 5
2021-10-01 00:01:27,470 INFO    SenderThread:137740 [sender.py:send_request_defer():253] send defer: 6
2021-10-01 00:01:27,470 DEBUG   HandlerThread:137740 [handler.py:handle_request():101] handle_request: defer
2021-10-01 00:01:27,470 INFO    HandlerThread:137740 [handler.py:handle_request_defer():115] handle defer: 6
2021-10-01 00:01:27,471 DEBUG   SenderThread:137740 [sender.py:send():122] send: request
2021-10-01 00:01:27,471 DEBUG   SenderThread:137740 [sender.py:send_request():131] send_request: defer
2021-10-01 00:01:27,471 INFO    SenderThread:137740 [sender.py:send_request_defer():217] handle sender defer: 6
2021-10-01 00:01:27,865 INFO    SenderThread:137740 [sender.py:send_request_defer():253] send defer: 7
2021-10-01 00:01:27,866 DEBUG   HandlerThread:137740 [handler.py:handle_request():101] handle_request: defer
2021-10-01 00:01:27,866 INFO    HandlerThread:137740 [handler.py:handle_request_defer():115] handle defer: 7
2021-10-01 00:01:27,866 DEBUG   SenderThread:137740 [sender.py:send():122] send: request
2021-10-01 00:01:27,866 DEBUG   SenderThread:137740 [sender.py:send_request():131] send_request: defer
2021-10-01 00:01:27,866 INFO    SenderThread:137740 [sender.py:send_request_defer():217] handle sender defer: 7
2021-10-01 00:01:27,866 INFO    SenderThread:137740 [sender.py:send_request_defer():253] send defer: 8
2021-10-01 00:01:27,867 DEBUG   HandlerThread:137740 [handler.py:handle_request():101] handle_request: defer
2021-10-01 00:01:27,868 INFO    HandlerThread:137740 [handler.py:handle_request_defer():115] handle defer: 8
2021-10-01 00:01:27,867 DEBUG   SenderThread:137740 [sender.py:send():122] send: final
2021-10-01 00:01:27,868 DEBUG   SenderThread:137740 [sender.py:send():122] send: footer
2021-10-01 00:01:27,868 DEBUG   SenderThread:137740 [sender.py:send():122] send: request
2021-10-01 00:01:27,868 DEBUG   SenderThread:137740 [sender.py:send_request():131] send_request: defer
2021-10-01 00:01:27,868 INFO    SenderThread:137740 [sender.py:send_request_defer():217] handle sender defer: 8
2021-10-01 00:01:28,531 DEBUG   HandlerThread:137740 [handler.py:handle_request():101] handle_request: poll_exit
2021-10-01 00:01:28,531 DEBUG   SenderThread:137740 [sender.py:send():122] send: request
2021-10-01 00:01:28,532 DEBUG   SenderThread:137740 [sender.py:send_request():131] send_request: poll_exit
2021-10-01 00:01:28,536 DEBUG   HandlerThread:137740 [handler.py:handle_request():101] handle_request: get_summary
2021-10-01 00:01:28,538 DEBUG   HandlerThread:137740 [handler.py:handle_request():101] handle_request: sampled_history
2021-10-01 00:01:28,539 DEBUG   HandlerThread:137740 [handler.py:handle_request():101] handle_request: shutdown
2021-10-01 00:01:28,539 INFO    HandlerThread:137740 [handler.py:finish():535] shutting down handler
2021-10-01 00:01:28,868 INFO    WriterThread:137740 [datastore.py:close():258] close: /home/guillermo/gfigueroa/Workspace/ml_engineer/Project_2/src/train_random_forest/wandb/run-20210930_234508-3p6xiksk/run-3p6xiksk.wandb
2021-10-01 00:01:29,532 INFO    SenderThread:137740 [sender.py:finish():833] shutting down sender
2021-10-01 00:01:29,533 INFO    MainThread:137740 [internal.py:handle_exit():78] Internal process exited
